<?xml version="1.0" encoding="UTF-8"?>
<testng-results ignored="0" total="1" passed="1" failed="0" skipped="0">
  <reporter-output>
  </reporter-output>
  <suite started-at="2025-08-19T15:54:28 IST" name="Default suite" finished-at="2025-08-19T15:54:28 IST" duration-ms="42">
    <groups>
    </groups>
    <test started-at="2025-08-19T15:54:28 IST" name="Default test" finished-at="2025-08-19T15:54:28 IST" duration-ms="42">
      <class name="Tests.LeranAPPium">
        <test-method signature="Testdata()[pri:0, instance:Tests.LeranAPPium@54bff557]" started-at="2025-08-19T15:54:28 IST" name="Testdata" finished-at="2025-08-19T15:54:28 IST" duration-ms="7" status="PASS">
          <reporter-output>
          </reporter-output>
        </test-method> <!-- Testdata -->
      </class> <!-- Tests.LeranAPPium -->
    </test> <!-- Default test -->
  </suite> <!-- Default suite -->
</testng-results>
